<?xml version="1.0" encoding="UTF-8"?>
<testsuite name="com.wikihistor.SearcherTest" tests="1" skipped="0" failures="0" errors="0" timestamp="2023-01-27T11:05:07" hostname="fedora" time="0.941">
  <properties/>
  <testcase name="TestSearching()" classname="com.wikihistor.SearcherTest" time="0.941"/>
  <system-out><![CDATA[[Bem, Bemidji, Minnesota, Bemba language, Bembo, Bemani, Bemidji State Beavers men's ice hockey, Bemidbar (parashah), Bemidji State University, BEML Limited, Bempflingen]
]]></system-out>
  <system-err><![CDATA[]]></system-err>
</testsuite>
