<?xml version="1.0" encoding="UTF-8"?>
<testsuite name="com.wikihistor.MapperTest" tests="1" skipped="0" failures="0" errors="0" timestamp="2023-01-31T10:15:31" hostname="fedora" time="0.323">
  <properties/>
  <testcase name="testUserMapper()" classname="com.wikihistor.MapperTest" time="0.323"/>
  <system-out><![CDATA[]]></system-out>
  <system-err><![CDATA[]]></system-err>
</testsuite>
