<?xml version="1.0" encoding="UTF-8"?>
<testsuite name="com.wikihistor.SearcherTest" tests="1" skipped="0" failures="0" errors="0" timestamp="2023-01-23T08:48:55" hostname="fedora" time="0.623">
  <properties/>
  <testcase name="TestSearching()" classname="com.wikihistor.SearcherTest" time="0.623"/>
  <system-out><![CDATA[No results.
]]></system-out>
  <system-err><![CDATA[]]></system-err>
</testsuite>
