<?xml version="1.0" encoding="UTF-8"?>
<testsuite name="com.wikihistor.MapperTest" tests="1" skipped="0" failures="0" errors="0" timestamp="2023-01-19T12:44:56" hostname="fedora" time="0.307">
  <properties/>
  <testcase name="testCategoryMapper()" classname="com.wikihistor.MapperTest" time="0.307"/>
  <system-out><![CDATA[]]></system-out>
  <system-err><![CDATA[]]></system-err>
</testsuite>
